<?xml version="1.0" encoding="UTF-8"?>
<!-- Generated by org.testng.reporters.JUnitXMLReporter -->
<testsuite ignored="0" hostname="DESKTOP-46L3BLL" failures="0" tests="4" name="Default test" time="16.362" errors="0" timestamp="2024-11-05T20:39:59 GST">
  <testcase classname="MyTestCases" name="RadioButtons" time="0.145"/>
  <testcase classname="MyTestCases" name="DynamicDropDown" time="1.163"/>
  <testcase classname="MyTestCases" name="SelectTag" time="0.139"/>
  <testcase classname="MyTestCases" name="CheckBox" time="0.171"/>
</testsuite> <!-- Default test -->
