<?xml version="1.0" encoding="UTF-8"?>
<testng-results ignored="0" total="4" passed="4" failed="0" skipped="0">
  <reporter-output>
  </reporter-output>
  <suite started-at="2024-11-05T20:39:43 GST" name="Default suite" finished-at="2024-11-05T20:39:59 GST" duration-ms="16362">
    <groups>
    </groups>
    <test started-at="2024-11-05T20:39:43 GST" name="Default test" finished-at="2024-11-05T20:39:59 GST" duration-ms="16362">
      <class name="MyTestCases">
        <test-method is-config="true" signature="Setup()[pri:0, instance:MyTestCases@5d9b7a8a]" started-at="2024-11-05T20:39:43 GST" name="Setup" finished-at="2024-11-05T20:39:57 GST" duration-ms="14708" status="PASS">
          <reporter-output>
          </reporter-output>
        </test-method> <!-- Setup -->
        <test-method signature="RadioButtons()[pri:1, instance:MyTestCases@5d9b7a8a]" started-at="2024-11-05T20:39:57 GST" name="RadioButtons" finished-at="2024-11-05T20:39:58 GST" duration-ms="145" status="PASS">
          <reporter-output>
          </reporter-output>
        </test-method> <!-- RadioButtons -->
        <test-method signature="DynamicDropDown()[pri:2, instance:MyTestCases@5d9b7a8a]" started-at="2024-11-05T20:39:58 GST" name="DynamicDropDown" finished-at="2024-11-05T20:39:59 GST" duration-ms="1163" status="PASS">
          <reporter-output>
          </reporter-output>
        </test-method> <!-- DynamicDropDown -->
        <test-method signature="SelectTag()[pri:3, instance:MyTestCases@5d9b7a8a]" started-at="2024-11-05T20:39:59 GST" name="SelectTag" finished-at="2024-11-05T20:39:59 GST" duration-ms="139" status="PASS">
          <reporter-output>
          </reporter-output>
        </test-method> <!-- SelectTag -->
        <test-method signature="CheckBox()[pri:4, instance:MyTestCases@5d9b7a8a]" started-at="2024-11-05T20:39:59 GST" name="CheckBox" finished-at="2024-11-05T20:39:59 GST" duration-ms="171" status="PASS">
          <reporter-output>
          </reporter-output>
        </test-method> <!-- CheckBox -->
      </class> <!-- MyTestCases -->
    </test> <!-- Default test -->
  </suite> <!-- Default suite -->
</testng-results>
